<?xml version="1.0" encoding="UTF-8"?>
<testng-results ignored="0" total="1" passed="1" failed="0" skipped="0">
  <reporter-output>
  </reporter-output>
  <suite started-at="2023-03-17T23:49:18 BDT" name="Default suite" finished-at="2023-03-17T23:49:45 BDT" duration-ms="26089">
    <groups>
      <group name="cucumber">
        <method signature="AbstractTestNGCucumberTests.feature(cucumber.api.testng.CucumberFeatureWrapper)[pri:0, instance:WhiteTestRunner.TestRunnerClass@cecf639]" name="feature" class="cucumber.api.testng.AbstractTestNGCucumberTests"/>
      </group> <!-- cucumber -->
    </groups>
    <test started-at="2023-03-17T23:49:18 BDT" name="Default test" finished-at="2023-03-17T23:49:45 BDT" duration-ms="26089">
      <class name="WhiteTestRunner.TestRunnerClass">
        <test-method is-config="true" signature="WhiteOpenURL()[pri:0, instance:WhiteTestRunner.TestRunnerClass@cecf639]" started-at="2023-03-17T23:49:19 BDT" name="WhiteOpenURL" finished-at="2023-03-17T23:49:22 BDT" duration-ms="3547" status="PASS">
          <reporter-output>
          </reporter-output>
        </test-method> <!-- WhiteOpenURL -->
        <test-method is-config="true" signature="setUpClass()[pri:0, instance:WhiteTestRunner.TestRunnerClass@cecf639]" started-at="2023-03-17T23:49:22 BDT" name="setUpClass" finished-at="2023-03-17T23:49:22 BDT" duration-ms="295" status="PASS">
          <reporter-output>
          </reporter-output>
        </test-method> <!-- setUpClass -->
        <test-method signature="feature(cucumber.api.testng.CucumberFeatureWrapper)[pri:0, instance:WhiteTestRunner.TestRunnerClass@cecf639]" started-at="2023-03-17T23:49:23 BDT" name="feature" description="Runs Cucumber Feature" data-provider="features" finished-at="2023-03-17T23:49:44 BDT" duration-ms="21672" status="PASS">
          <params>
            <param index="0">
              <value>
                <![CDATA[this is a rainfall project practice]]>
              </value>
            </param>
          </params>
          <reporter-output>
          </reporter-output>
        </test-method> <!-- feature -->
        <test-method is-config="true" signature="tearDownClass()[pri:0, instance:WhiteTestRunner.TestRunnerClass@cecf639]" started-at="2023-03-17T23:49:44 BDT" name="tearDownClass" finished-at="2023-03-17T23:49:44 BDT" duration-ms="17" status="PASS">
          <reporter-output>
          </reporter-output>
        </test-method> <!-- tearDownClass -->
        <test-method is-config="true" signature="WhiteCloseURL()[pri:0, instance:WhiteTestRunner.TestRunnerClass@cecf639]" started-at="2023-03-17T23:49:44 BDT" name="WhiteCloseURL" finished-at="2023-03-17T23:49:45 BDT" duration-ms="324" status="PASS">
          <reporter-output>
          </reporter-output>
        </test-method> <!-- WhiteCloseURL -->
      </class> <!-- WhiteTestRunner.TestRunnerClass -->
    </test> <!-- Default test -->
  </suite> <!-- Default suite -->
</testng-results>
